<?xml version="1.0" encoding="UTF-8"?>
<testng-results ignored="0" total="2" passed="2" failed="0" skipped="0">
  <reporter-output>
  </reporter-output>
  <suite started-at="2021-07-24T08:52:39Z" name="Package Test Suit" finished-at="2021-07-24T08:52:42Z" duration-ms="2071">
    <groups>
    </groups>
    <test started-at="2021-07-24T08:52:39Z" name="Package Test" finished-at="2021-07-24T08:52:42Z" duration-ms="2071">
      <class name="com.qa.test.reqres.LoginTest">
        <test-method is-config="true" signature="setUp()[pri:0, instance:com.qa.test.reqres.LoginTest@4961f6af]" started-at="2021-07-24T16:52:39Z" name="setUp" finished-at="2021-07-24T16:52:39Z" duration-ms="15" status="PASS">
          <reporter-output>
          </reporter-output>
        </test-method> <!-- setUp -->
        <test-method is-config="true" signature="testStart(java.lang.reflect.Method)[pri:0, instance:com.qa.test.reqres.LoginTest@4961f6af]" started-at="2021-07-24T16:52:40Z" name="testStart" finished-at="2021-07-24T16:52:40Z" duration-ms="14" status="PASS">
          <params>
            <param index="0">
              <value>
                <![CDATA[public void com.qa.test.reqres.LoginTest.loginTest(java.lang.String,java.lang.String,java.lang.String,java.lang.String) throws java.io.IOException]]>
              </value>
            </param>
          </params>
          <reporter-output>
          </reporter-output>
        </test-method> <!-- testStart -->
        <test-method is-config="true" signature="testStop(java.lang.reflect.Method)[pri:0, instance:com.qa.test.reqres.LoginTest@4961f6af]" started-at="2021-07-24T16:52:40Z" name="testStop" finished-at="2021-07-24T16:52:40Z" duration-ms="2" status="PASS">
          <params>
            <param index="0">
              <value>
                <![CDATA[public void com.qa.test.reqres.LoginTest.loginTest(java.lang.String,java.lang.String,java.lang.String,java.lang.String) throws java.io.IOException]]>
              </value>
            </param>
          </params>
          <reporter-output>
          </reporter-output>
        </test-method> <!-- testStop -->
        <test-method signature="loginTest(java.lang.String, java.lang.String, java.lang.String, java.lang.String)[pri:0, instance:com.qa.test.reqres.LoginTest@4961f6af]" started-at="2021-07-24T16:52:40Z" name="loginTest" data-provider="dp" finished-at="2021-07-24T16:52:41Z" duration-ms="1819" status="PASS">
          <params>
            <param index="0">
              <value>
                <![CDATA[eve.holt@reqres.in]]>
              </value>
            </param>
            <param index="1">
              <value>
                <![CDATA[cityslicka]]>
              </value>
            </param>
            <param index="2">
              <value>
                <![CDATA[200]]>
              </value>
            </param>
            <param index="3">
              <value>
                <![CDATA[QpwL5tke4Pnpja7X4]]>
              </value>
            </param>
          </params>
          <reporter-output>
          </reporter-output>
        </test-method> <!-- loginTest -->
        <test-method is-config="true" signature="clean()[pri:0, instance:com.qa.test.reqres.LoginTest@4961f6af]" started-at="2021-07-24T16:52:42Z" name="clean" finished-at="2021-07-24T16:52:42Z" duration-ms="0" status="PASS">
          <reporter-output>
          </reporter-output>
        </test-method> <!-- clean -->
      </class> <!-- com.qa.test.reqres.LoginTest -->
      <class name="com.qa.test.reqres.GetListUsersTest">
        <test-method is-config="true" signature="setUp()[pri:0, instance:com.qa.test.reqres.GetListUsersTest@394df057]" started-at="2021-07-24T16:52:39Z" name="setUp" finished-at="2021-07-24T16:52:39Z" duration-ms="16" status="PASS">
          <reporter-output>
          </reporter-output>
        </test-method> <!-- setUp -->
        <test-method is-config="true" signature="testStart(java.lang.reflect.Method)[pri:0, instance:com.qa.test.reqres.GetListUsersTest@394df057]" started-at="2021-07-24T16:52:40Z" name="testStart" finished-at="2021-07-24T16:52:40Z" duration-ms="15" status="PASS">
          <params>
            <param index="0">
              <value>
                <![CDATA[public void com.qa.test.reqres.GetListUsersTest.getListUsersTest(java.lang.String,java.lang.String) throws java.io.IOException]]>
              </value>
            </param>
          </params>
          <reporter-output>
          </reporter-output>
        </test-method> <!-- testStart -->
        <test-method is-config="true" signature="testStop(java.lang.reflect.Method)[pri:0, instance:com.qa.test.reqres.GetListUsersTest@394df057]" started-at="2021-07-24T16:52:40Z" name="testStop" finished-at="2021-07-24T16:52:40Z" duration-ms="1" status="PASS">
          <params>
            <param index="0">
              <value>
                <![CDATA[public void com.qa.test.reqres.GetListUsersTest.getListUsersTest(java.lang.String,java.lang.String) throws java.io.IOException]]>
              </value>
            </param>
          </params>
          <reporter-output>
          </reporter-output>
        </test-method> <!-- testStop -->
        <test-method signature="getListUsersTest(java.lang.String, java.lang.String)[pri:0, instance:com.qa.test.reqres.GetListUsersTest@394df057]" started-at="2021-07-24T16:52:40Z" name="getListUsersTest" data-provider="dp" finished-at="2021-07-24T16:52:41Z" duration-ms="1523" status="PASS">
          <params>
            <param index="0">
              <value>
                <![CDATA[200]]>
              </value>
            </param>
            <param index="1">
              <value>
                <![CDATA[2]]>
              </value>
            </param>
          </params>
          <reporter-output>
          </reporter-output>
        </test-method> <!-- getListUsersTest -->
        <test-method is-config="true" signature="clean()[pri:0, instance:com.qa.test.reqres.GetListUsersTest@394df057]" started-at="2021-07-24T16:52:41Z" name="clean" finished-at="2021-07-24T16:52:41Z" duration-ms="0" status="PASS">
          <reporter-output>
          </reporter-output>
        </test-method> <!-- clean -->
      </class> <!-- com.qa.test.reqres.GetListUsersTest -->
    </test> <!-- Package Test -->
  </suite> <!-- Package Test Suit -->
</testng-results>
