<?xml version="1.0" encoding="UTF-8" ?>
<testsuite tests="21" failures="0" name="TestSuite" time="81.001" errors="0" skipped="0">
  <properties>
[...]
</properties>
  <testcase classname="com.qa.test.reqres.GetListUsersTest" name="getListUsersTest" time="69.151"/>
  <testcase classname="com.qa.test.reqres.GetListUsersTest" name="getListUsersTest" time="69.156"/>
  <testcase classname="com.qa.test.reqres.LoginTest" name="loginTest" time="0.052"/>
  <testcase classname="com.qa.test.reqres.GetListUsersTest" name="getListUsersTest" time="0.714"/>
  <testcase classname="com.qa.test.reqres.GetListUsersTest" name="getListUsersTest" time="0.207"/>
  <testcase classname="com.qa.test.reqres.GetListUsersTest" name="getListUsersTest" time="0.606"/>
  <testcase classname="com.qa.test.reqres.GetListUsersTest" name="getListUsersTest" time="0.158"/>
  <testcase classname="com.qa.test.reqres.GetListUsersTest" name="getListUsersTest" time="0.584"/>
  <testcase classname="com.qa.test.reqres.GetListUsersTest" name="getListUsersTest" time="0.178"/>
  <testcase classname="com.qa.test.reqres.GetListUsersTest" name="getListUsersTest" time="0.687"/>
  <testcase classname="com.qa.test.reqres.GetListUsersTest" name="getListUsersTest" time="0.001"/>
  <testcase classname="com.qa.test.reqres.GetListUsersTest" name="getListUsersTest" time="0.64"/>
  <testcase classname="com.qa.test.reqres.GetListUsersTest" name="getListUsersTest" time="0.018"/>
  <testcase classname="com.qa.test.reqres.GetListUsersTest" name="getListUsersTest" time="0.665"/>
  <testcase classname="com.qa.test.reqres.GetListUsersTest" name="getListUsersTest" time="0.111"/>
  <testcase classname="com.qa.test.reqres.GetListUsersTest" name="getListUsersTest" time="0.685"/>
  <testcase classname="com.qa.test.reqres.GetListUsersTest" name="getListUsersTest" time="0.828"/>
  <testcase classname="com.qa.test.reqres.GetListUsersTest" name="getListUsersTest" time="0.842"/>
  <testcase classname="com.qa.test.reqres.GetListUsersTest" name="getListUsersTest" time="0.916"/>
  <testcase classname="com.qa.test.reqres.GetListUsersTest" name="getListUsersTest" time="0.773"/>
  <testcase classname="com.qa.test.reqres.GetListUsersTest" name="getListUsersTest" time="0.864"/>
</testsuite>