<?xml version="1.0" encoding="UTF-8"?>
<!-- Generated by org.testng.reporters.JUnitXMLReporter -->
<testsuite ignored="0" hostname="localhost" failures="0" tests="21" name="Package Test" time="79.984" errors="0" timestamp="25 7月 2021 02:21:20 GMT">
  <testcase classname="com.qa.test.reqres.GetListUsersTest" name="getListUsersTest" time="69.153"/>
  <testcase classname="com.qa.test.reqres.GetListUsersTest" name="getListUsersTest" time="69.157"/>
  <testcase classname="com.qa.test.reqres.LoginTest" name="loginTest" time="69.456"/>
  <testcase classname="com.qa.test.reqres.GetListUsersTest" name="getListUsersTest" time="0.864"/>
  <testcase classname="com.qa.test.reqres.GetListUsersTest" name="getListUsersTest" time="1.065"/>
  <testcase classname="com.qa.test.reqres.GetListUsersTest" name="getListUsersTest" time="0.949"/>
  <testcase classname="com.qa.test.reqres.GetListUsersTest" name="getListUsersTest" time="0.891"/>
  <testcase classname="com.qa.test.reqres.GetListUsersTest" name="getListUsersTest" time="0.871"/>
  <testcase classname="com.qa.test.reqres.GetListUsersTest" name="getListUsersTest" time="0.891"/>
  <testcase classname="com.qa.test.reqres.GetListUsersTest" name="getListUsersTest" time="0.991"/>
  <testcase classname="com.qa.test.reqres.GetListUsersTest" name="getListUsersTest" time="0.829"/>
  <testcase classname="com.qa.test.reqres.GetListUsersTest" name="getListUsersTest" time="0.79"/>
  <testcase classname="com.qa.test.reqres.GetListUsersTest" name="getListUsersTest" time="0.796"/>
  <testcase classname="com.qa.test.reqres.GetListUsersTest" name="getListUsersTest" time="0.836"/>
  <testcase classname="com.qa.test.reqres.GetListUsersTest" name="getListUsersTest" time="0.947"/>
  <testcase classname="com.qa.test.reqres.GetListUsersTest" name="getListUsersTest" time="0.937"/>
  <testcase classname="com.qa.test.reqres.GetListUsersTest" name="getListUsersTest" time="0.828"/>
  <testcase classname="com.qa.test.reqres.GetListUsersTest" name="getListUsersTest" time="1.218"/>
  <testcase classname="com.qa.test.reqres.GetListUsersTest" name="getListUsersTest" time="0.916"/>
  <testcase classname="com.qa.test.reqres.GetListUsersTest" name="getListUsersTest" time="0.822"/>
  <testcase classname="com.qa.test.reqres.GetListUsersTest" name="getListUsersTest" time="0.865"/>
</testsuite> <!-- Package Test -->
