<?xml version="1.0" encoding="UTF-8"?>
<!-- Generated by org.testng.reporters.JUnitReportReporter -->
<testsuite hostname="localhost" failures="0" tests="1" name="com.qa.test.reqres.GetListUsersTest" time="0.484" errors="1" timestamp="22 7月 2021 04:39:03 GMT" skipped="0">
  <testcase classname="com.qa.test.reqres.GetListUsersTest" name="getListUsersTest" time="0.484">
    <error type="org.apache.http.client.ClientProtocolException">
      <![CDATA[org.apache.http.client.ClientProtocolException
	at org.apache.http.impl.client.InternalHttpClient.doExecute(InternalHttpClient.java:187)
	at org.apache.http.impl.client.CloseableHttpClient.execute(CloseableHttpClient.java:83)
	at org.apache.http.impl.client.CloseableHttpClient.execute(CloseableHttpClient.java:108)
	at com.qa.util.HttpClientUtils.get(HttpClientUtils.java:27)
	at com.qa.test.reqres.GetListUsersTest.getListUsersTest(GetListUsersTest.java:35)
	at java.base/jdk.internal.reflect.NativeMethodAccessorImpl.invoke0(Native Method)
	at java.base/jdk.internal.reflect.NativeMethodAccessorImpl.invoke(NativeMethodAccessorImpl.java:62)
	at java.base/jdk.internal.reflect.DelegatingMethodAccessorImpl.invoke(DelegatingMethodAccessorImpl.java:43)
	at java.base/java.lang.reflect.Method.invoke(Method.java:564)
	at org.testng.internal.MethodInvocationHelper.invokeMethod(MethodInvocationHelper.java:108)
	at org.testng.internal.Invoker.invokeMethod(Invoker.java:661)
	at org.testng.internal.Invoker.invokeTestMethod(Invoker.java:869)
	at org.testng.internal.Invoker.invokeTestMethods(Invoker.java:1193)
	at org.testng.internal.TestMethodWorker.invokeTestMethods(TestMethodWorker.java:126)
	at org.testng.internal.TestMethodWorker.run(TestMethodWorker.java:109)
	at java.base/java.util.concurrent.ThreadPoolExecutor.runWorker(ThreadPoolExecutor.java:1167)
	at java.base/java.util.concurrent.ThreadPoolExecutor$Worker.run(ThreadPoolExecutor.java:641)
	at java.base/java.lang.Thread.run(Thread.java:844)
Caused by: org.apache.http.ProtocolException: Target host is not specified
	at org.apache.http.impl.conn.DefaultRoutePlanner.determineRoute(DefaultRoutePlanner.java:71)
	at org.apache.http.impl.client.InternalHttpClient.determineRoute(InternalHttpClient.java:125)
	at org.apache.http.impl.client.InternalHttpClient.doExecute(InternalHttpClient.java:184)
	... 17 more
]]>
    </error>
  </testcase> <!-- getListUsersTest -->
</testsuite> <!-- com.qa.test.reqres.GetListUsersTest -->
