<?xml version="1.0" encoding="UTF-8"?>
<!-- Generated by org.testng.reporters.JUnitReportReporter -->
<testsuite hostname="localhost" failures="0" tests="20" name="com.qa.test.reqres.GetListUsersTest" time="154.673" errors="0" timestamp="25 7月 2021 02:21:20 GMT" skipped="0">
  <testcase classname="com.qa.test.reqres.GetListUsersTest" name="getListUsersTest" time="0.918"/>
  <testcase classname="com.qa.test.reqres.GetListUsersTest" name="getListUsersTest" time="0.854"/>
  <testcase classname="com.qa.test.reqres.GetListUsersTest" name="getListUsersTest" time="0.865"/>
  <testcase classname="com.qa.test.reqres.GetListUsersTest" name="getListUsersTest" time="0.892"/>
  <testcase classname="com.qa.test.reqres.GetListUsersTest" name="getListUsersTest" time="0.948"/>
  <testcase classname="com.qa.test.reqres.GetListUsersTest" name="getListUsersTest" time="0.796"/>
  <testcase classname="com.qa.test.reqres.GetListUsersTest" name="getListUsersTest" time="0.828"/>
  <testcase classname="com.qa.test.reqres.GetListUsersTest" name="getListUsersTest" time="1.220"/>
  <testcase classname="com.qa.test.reqres.GetListUsersTest" name="getListUsersTest" time="69.157"/>
  <testcase classname="com.qa.test.reqres.GetListUsersTest" name="getListUsersTest" time="0.991"/>
  <testcase classname="com.qa.test.reqres.GetListUsersTest" name="getListUsersTest" time="0.823"/>
  <testcase classname="com.qa.test.reqres.GetListUsersTest" name="getListUsersTest" time="0.869"/>
  <testcase classname="com.qa.test.reqres.GetListUsersTest" name="getListUsersTest" time="69.154"/>
  <testcase classname="com.qa.test.reqres.GetListUsersTest" name="getListUsersTest" time="0.939"/>
  <testcase classname="com.qa.test.reqres.GetListUsersTest" name="getListUsersTest" time="1.066"/>
  <testcase classname="com.qa.test.reqres.GetListUsersTest" name="getListUsersTest" time="0.829"/>
  <testcase classname="com.qa.test.reqres.GetListUsersTest" name="getListUsersTest" time="0.872"/>
  <testcase classname="com.qa.test.reqres.GetListUsersTest" name="getListUsersTest" time="0.913"/>
  <testcase classname="com.qa.test.reqres.GetListUsersTest" name="getListUsersTest" time="0.949"/>
  <testcase classname="com.qa.test.reqres.GetListUsersTest" name="getListUsersTest" time="0.790"/>
</testsuite> <!-- com.qa.test.reqres.GetListUsersTest -->
